#
# A fatal error has been detected by the Java Runtime Environment:
#
#  EXCEPTION_ACCESS_VIOLATION (0xc0000005) at pc=0x00007ffe5fe0245c, pid=640, tid=0x0000000000001a04
#
# JRE version: Java(TM) SE Runtime Environment (8.0_181-b13) (build 1.8.0_181-b13)
# Java VM: Java HotSpot(TM) 64-Bit Server VM (25.181-b13 mixed mode windows-amd64 compressed oops)
# Problematic frame:
# C  [SHELL32.dll+0xc245c]
#
# Failed to write core dump. Minidumps are not enabled by default on client versions of Windows
#
# If you would like to submit a bug report, please visit:
#   http://bugreport.java.com/bugreport/crash.jsp
# The crash happened outside the Java Virtual Machine in native code.
# See problematic frame for where to report the bug.
#

---------------  T H R E A D  ---------------

Current thread (0x00000000095c2800):  JavaThread "main" [_thread_in_native, id=6660, stack(0x0000000000050000,0x0000000000150000)]

siginfo: ExceptionCode=0xc0000005, reading address 0x00007ffe4a5b13c0

Registers:
RAX=0x00007ffe4a5b1398, RBX=0x000000000014a684, RCX=0x0000000027869230, RDX=0x00007ffe5fdc20c0
RSP=0x0000000000149f10, RBP=0x0000000080070057, RSI=0x0000000000000004, RDI=0x0000000000000000
R8 =0x0000000000000004, R9 =0x0000000000000000, R10=0x0000000000000066, R11=0x0000000000000000
R12=0x0000000000000050, R13=0x0000000000000000, R14=0x0000000000000007, R15=0x000000003983e660
RIP=0x00007ffe5fe0245c, EFLAGS=0x0000000000010246

Top of Stack: (sp=0x0000000000149f10)
0x0000000000149f10:   006d000000730065 00740069006e0075
0x0000000000149f20:   0064004500200079 006f006900740069
0x0000000000149f30:   000000000014a684 0000000000000050
0x0000000000149f40:   0000000200000050 0000000000000000
0x0000000000149f50:   0000000000000050 00000000275ffd20
0x0000000000149f60:   0000000000000000 000000000000002e
0x0000000000149f70:   00007ffe6022ed60 00007ffe5fdc090c
0x0000000000149f80:   000000000014a684 0000000000000004
0x0000000000149f90:   000000000000004b 00007ffe5f7544ba
0x0000000000149fa0:   000000000014a684 0000000000000050
0x0000000000149fb0:   000000000000002f 00000000ffffffff
0x0000000000149fc0:   000000020000004b 0000000000000000
0x0000000000149fd0:   0000000000007ffb 0000000000000000
0x0000000000149fe0:   0000000000000000 0000000000000000
0x0000000000149ff0:   0000000000000000 0000000000000000
0x000000000014a000:   0000000000000000 0000000000000000 

Instructions: (pc=0x00007ffe5fe0245c)
0x00007ffe5fe0243c:   48 8b 09 48 2b fa 48 8d 15 77 fc fb ff 44 89 64
0x00007ffe5fe0244c:   24 28 4d 8b cd 48 89 5c 24 20 44 8b c6 48 8b 01
0x00007ffe5fe0245c:   48 8b 40 28 48 3b c2 48 8b d7 75 27 e8 53 fc fb
0x00007ffe5fe0246c:   ff 8b e8 8b c5 4c 8d 5c 24 40 49 8b 5b 30 49 8b 


Register to memory mapping:

RAX=0x00007ffe4a5b1398 is an unknown value
RBX=0x000000000014a684 is pointing into the stack for thread: 0x00000000095c2800
RCX=0x0000000027869230 is an unknown value
RDX=0x00007ffe5fdc20c0 is an unknown value
RSP=0x0000000000149f10 is pointing into the stack for thread: 0x00000000095c2800
RBP=0x0000000080070057 is an unknown value
RSI=0x0000000000000004 is an unknown value
RDI=0x0000000000000000 is an unknown value
R8 =0x0000000000000004 is an unknown value
R9 =0x0000000000000000 is an unknown value
R10=0x0000000000000066 is an unknown value
R11=0x0000000000000000 is an unknown value
R12=0x0000000000000050 is an unknown value
R13=0x0000000000000000 is an unknown value
R14=0x0000000000000007 is an unknown value
R15=0x000000003983e660 is an unknown value


Stack: [0x0000000000050000,0x0000000000150000],  sp=0x0000000000149f10,  free space=999k
Native frames: (J=compiled Java code, j=interpreted, Vv=VM code, C=native code)
C  [SHELL32.dll+0xc245c]
C  [SHELL32.dll+0x8090c]
C  [explorerframe.dll+0x10e12e]
C  [explorerframe.dll+0x17e4e4]
C  [explorerframe.dll+0x11217c]
C  [explorerframe.dll+0x115132]
C  [explorerframe.dll+0xc39c5]
C  [explorerframe.dll+0x6ef00]
C  [explorerframe.dll+0x718b1]
C  [USER32.dll+0xb85d]
C  [USER32.dll+0xb40b]
C  [COMCTL32.dll+0x2f095]
C  [COMCTL32.dll+0x2ee67]
C  [explorerframe.dll+0x66d4e]
C  [COMCTL32.dll+0x2f0ee]
C  [COMCTL32.dll+0x2ef32]
C  [USER32.dll+0xb85d]
C  [USER32.dll+0xb40b]
C  0x00007ffe4dfd63f5
C  0x00007ffe583410b8
C  [USER32.dll+0xb85d]
C  [USER32.dll+0xade0]
C  [USER32.dll+0xab88]
C  [COMCTL32.dll+0x5b3d5]
C  [COMCTL32.dll+0xd5f02]
C  [COMCTL32.dll+0x14ff3]
C  [USER32.dll+0xb85d]
C  [USER32.dll+0xb40b]
C  [COMCTL32.dll+0x2f095]
C  [COMCTL32.dll+0x2ee67]
C  [explorerframe.dll+0x68432]
C  [explorerframe.dll+0x66efb]
C  [COMCTL32.dll+0x2f0ee]
C  [COMCTL32.dll+0x2ef32]
C  [USER32.dll+0xb85d]
C  [USER32.dll+0xb1ef]
C  [USER32.dll+0x63bf]
C  [USER32.dll+0x2b82b]
C  [USER32.dll+0x2b70e]
C  [USER32.dll+0x2b5d2]
C  [USER32.dll+0x2b568]
C  [COMDLG32.dll+0x1546b]
C  [COMDLG32.dll+0x6f930]
C  [COMDLG32.dll+0x6ead4]
C  [COMDLG32.dll+0x6873e]
C  [COMDLG32.dll+0x4da11]
C  [COMDLG32.dll+0x4e1a0]
C  [swt-win32-4763.dll+0x22626]
C  0x0000000010128ce7

Java frames: (J=compiled Java code, j=interpreted, Vv=VM code)
j  org.eclipse.swt.internal.win32.OS.GetOpenFileNameW(Lorg/eclipse/swt/internal/win32/OPENFILENAME;)Z+0
j  org.eclipse.swt.internal.win32.OS.GetOpenFileName(Lorg/eclipse/swt/internal/win32/OPENFILENAME;)Z+7
j  org.eclipse.swt.widgets.FileDialog.open()Ljava/lang/String;+902
j  org.eclipse.ui.internal.ide.actions.OpenLocalFileAction.run()V+36
j  org.eclipse.ui.internal.ide.actions.OpenLocalFileAction.run(Lorg/eclipse/jface/action/IAction;)V+1
j  org.eclipse.ui.internal.PluginAction.runWithEvent(Lorg/eclipse/swt/widgets/Event;)V+110
j  org.eclipse.ui.internal.WWinPluginAction.runWithEvent(Lorg/eclipse/swt/widgets/Event;)V+9
j  org.eclipse.jface.action.ActionContributionItem.handleWidgetSelection(Lorg/eclipse/swt/widgets/Event;Z)V+352
J 18305 C1 org.eclipse.jface.action.ActionContributionItem.lambda$4(Lorg/eclipse/swt/widgets/Event;)V (58 bytes) @ 0x000000001039829c [0x00000000103980a0+0x1fc]
J 18304 C1 org.eclipse.jface.action.ActionContributionItem$$Lambda$176.handleEvent(Lorg/eclipse/swt/widgets/Event;)V (9 bytes) @ 0x0000000011835084 [0x0000000011835000+0x84]
J 16592 C2 org.eclipse.swt.widgets.EventTable.sendEvent(Lorg/eclipse/swt/widgets/Event;)V (592 bytes) @ 0x0000000012f47324 [0x0000000012f47260+0xc4]
J 18386 C2 org.eclipse.swt.widgets.Display.runDeferredEvents()Z (109 bytes) @ 0x00000000136bd70c [0x00000000136bd6c0+0x4c]
J 18595 C2 org.eclipse.swt.widgets.Display.readAndDispatch()Z (101 bytes) @ 0x00000000137474c0 [0x0000000013747280+0x240]
j  org.eclipse.e4.ui.internal.workbench.swt.PartRenderingEngine$5.run()V+564
j  org.eclipse.core.databinding.observable.Realm.runWithDefault(Lorg/eclipse/core/databinding/observable/Realm;Ljava/lang/Runnable;)V+12
j  org.eclipse.e4.ui.internal.workbench.swt.PartRenderingEngine.run(Lorg/eclipse/e4/ui/model/application/MApplicationElement;Lorg/eclipse/e4/core/contexts/IEclipseContext;)Ljava/lang/Object;+57
j  org.eclipse.e4.ui.internal.workbench.E4Workbench.createAndRunUI(Lorg/eclipse/e4/ui/model/application/MApplicationElement;)V+20
j  org.eclipse.ui.internal.Workbench.lambda$3(Lorg/eclipse/swt/widgets/Display;Lorg/eclipse/ui/application/WorkbenchAdvisor;[I)V+451
j  org.eclipse.ui.internal.Workbench$$Lambda$14.run()V+12
j  org.eclipse.core.databinding.observable.Realm.runWithDefault(Lorg/eclipse/core/databinding/observable/Realm;Ljava/lang/Runnable;)V+12
j  org.eclipse.ui.internal.Workbench.createAndRunWorkbench(Lorg/eclipse/swt/widgets/Display;Lorg/eclipse/ui/application/WorkbenchAdvisor;)I+16
j  org.eclipse.ui.PlatformUI.createAndRunWorkbench(Lorg/eclipse/swt/widgets/Display;Lorg/eclipse/ui/application/WorkbenchAdvisor;)I+2
j  org.eclipse.ui.internal.ide.application.IDEApplication.start(Lorg/eclipse/equinox/app/IApplicationContext;)Ljava/lang/Object;+113
j  org.eclipse.equinox.internal.app.EclipseAppHandle.run(Ljava/lang/Object;)Ljava/lang/Object;+135
j  org.eclipse.core.runtime.internal.adaptor.EclipseAppLauncher.runApplication(Ljava/lang/Object;)Ljava/lang/Object;+85
j  org.eclipse.core.runtime.internal.adaptor.EclipseAppLauncher.start(Ljava/lang/Object;)Ljava/lang/Object;+82
j  org.eclipse.core.runtime.adaptor.EclipseStarter.run(Ljava/lang/Object;)Ljava/lang/Object;+105
j  org.eclipse.core.runtime.adaptor.EclipseStarter.run([Ljava/lang/String;Ljava/lang/Runnable;)Ljava/lang/Object;+132
v  ~StubRoutines::call_stub
j  sun.reflect.NativeMethodAccessorImpl.invoke0(Ljava/lang/reflect/Method;Ljava/lang/Object;[Ljava/lang/Object;)Ljava/lang/Object;+0
j  sun.reflect.NativeMethodAccessorImpl.invoke(Ljava/lang/Object;[Ljava/lang/Object;)Ljava/lang/Object;+100
j  sun.reflect.DelegatingMethodAccessorImpl.invoke(Ljava/lang/Object;[Ljava/lang/Object;)Ljava/lang/Object;+6
j  java.lang.reflect.Method.invoke(Ljava/lang/Object;[Ljava/lang/Object;)Ljava/lang/Object;+56
j  org.eclipse.equinox.launcher.Main.invokeFramework([Ljava/lang/String;[Ljava/net/URL;)V+205
j  org.eclipse.equinox.launcher.Main.basicRun([Ljava/lang/String;)V+160
j  org.eclipse.equinox.launcher.Main.run([Ljava/lang/String;)I+4
v  ~StubRoutines::call_stub

---------------  P R O C E S S  ---------------

Java Threads: ( => current thread )
  0x0000000026e1a800 JavaThread "org.eclipse.wst.sse.ui.internal.reconcile.StructuredRegionProcessor" daemon [_thread_blocked, id=4020, stack(0x000000003f250000,0x000000003f350000)]
  0x00000000205c8800 JavaThread "org.eclipse.jdt.internal.ui.text.JavaReconciler" daemon [_thread_blocked, id=3272, stack(0x00000000384c0000,0x00000000385c0000)]
  0x00000000237fd800 JavaThread "Worker-17" [_thread_blocked, id=12708, stack(0x0000000036900000,0x0000000036a00000)]
  0x00000000237fd000 JavaThread "Worker-15" [_thread_blocked, id=12868, stack(0x0000000036700000,0x0000000036800000)]
  0x00000000237f8800 JavaThread "Provisioning Event Dispatcher" daemon [_thread_blocked, id=10856, stack(0x0000000036400000,0x0000000036500000)]
  0x000000002c67c800 JavaThread "Thread-13" [_thread_blocked, id=4056, stack(0x0000000035370000,0x0000000035470000)]
  0x000000002206d000 JavaThread "EventAdmin Async Event Dispatcher Thread" daemon [_thread_blocked, id=588, stack(0x0000000032bb0000,0x0000000032cb0000)]
  0x000000002206f800 JavaThread "JavaScript indexing" daemon [_thread_blocked, id=5500, stack(0x0000000029850000,0x0000000029950000)]
  0x0000000022071800 JavaThread "Java indexing" daemon [_thread_blocked, id=7284, stack(0x0000000025e40000,0x0000000025f40000)]
  0x000000002206e000 JavaThread "Bundle File Closer" daemon [_thread_blocked, id=7700, stack(0x0000000025740000,0x0000000025840000)]
  0x00000000238e8000 JavaThread "EMF Reference Cleaner" daemon [_thread_blocked, id=10408, stack(0x0000000024c40000,0x0000000024d40000)]
  0x00000000238bf000 JavaThread "Worker-JM" [_thread_blocked, id=6156, stack(0x0000000024940000,0x0000000024a40000)]
  0x0000000021167800 JavaThread "SCR Component Actor" daemon [_thread_blocked, id=8548, stack(0x0000000024640000,0x0000000024740000)]
  0x000000002273d000 JavaThread "Framework Event Dispatcher: org.eclipse.osgi.internal.framework.EquinoxEventPublisher@1fd7a37" daemon [_thread_blocked, id=8952, stack(0x0000000024540000,0x0000000024640000)]
  0x000000002086e000 JavaThread "Start Level: Equinox Container: 946975bd-166d-4c5c-901e-444ad23fa2dc" daemon [_thread_blocked, id=10272, stack(0x0000000023400000,0x0000000023500000)]
  0x0000000020a42800 JavaThread "Active Thread: Equinox Container: 946975bd-166d-4c5c-901e-444ad23fa2dc" [_thread_blocked, id=10284, stack(0x0000000023300000,0x0000000023400000)]
  0x000000000fb73800 JavaThread "Service Thread" daemon [_thread_blocked, id=3576, stack(0x0000000020010000,0x0000000020110000)]
  0x000000000faec000 JavaThread "C1 CompilerThread2" daemon [_thread_blocked, id=11804, stack(0x000000001ff10000,0x0000000020010000)]
  0x000000000fae8000 JavaThread "C2 CompilerThread1" daemon [_thread_blocked, id=12004, stack(0x000000001fe10000,0x000000001ff10000)]
  0x000000000fae7000 JavaThread "C2 CompilerThread0" daemon [_thread_blocked, id=1344, stack(0x000000001fd10000,0x000000001fe10000)]
  0x000000000fae6800 JavaThread "Attach Listener" daemon [_thread_blocked, id=12568, stack(0x000000001fc10000,0x000000001fd10000)]
  0x000000000fae1800 JavaThread "Signal Dispatcher" daemon [_thread_blocked, id=10276, stack(0x000000001fb10000,0x000000001fc10000)]
  0x000000000fae0000 JavaThread "Surrogate Locker Thread (Concurrent GC)" daemon [_thread_blocked, id=1420, stack(0x000000001fa10000,0x000000001fb10000)]
  0x000000000fa5e000 JavaThread "Finalizer" daemon [_thread_blocked, id=13424, stack(0x000000001f910000,0x000000001fa10000)]
  0x000000000fa57800 JavaThread "Reference Handler" daemon [_thread_blocked, id=14104, stack(0x000000000fe10000,0x000000000ff10000)]
=>0x00000000095c2800 JavaThread "main" [_thread_in_native, id=6660, stack(0x0000000000050000,0x0000000000150000)]

Other Threads:
  0x000000000f5de000 VMThread [stack: 0x000000000fd10000,0x000000000fe10000] [id=10352]
  0x000000000fba1000 WatcherThread [stack: 0x0000000020110000,0x0000000020210000] [id=11780]

VM state:not at safepoint (normal execution)

VM Mutex/Monitor currently owned by a thread: None

Heap:
 garbage-first heap   total 262144K, used 205178K [0x00000000c0000000, 0x00000000c0100800, 0x0000000100000000)
  region size 1024K, 85 young (87040K), 2 survivors (2048K)
 Metaspace       used 150177K, capacity 165492K, committed 165616K, reserved 1191936K
  class space    used 18713K, capacity 22945K, committed 23036K, reserved 1048576K

Heap Regions: (Y=young(eden), SU=young(survivor), HS=humongous(starts), HC=humongous(continues), CS=collection set, F=free, TS=gc time stamp, PTAMS=previous top-at-mark-start, NTAMS=next top-at-mark-start)
AC   0 HS    TS     0 PTAMS 0x00000000c0080010 NTAMS 0x00000000c0080010 space 1024K,  50% used [0x00000000c0000000, 0x00000000c0100000)
AC   0  O    TS     0 PTAMS 0x00000000c0200000 NTAMS 0x00000000c0200000 space 1024K, 100% used [0x00000000c0100000, 0x00000000c0200000)
AC   0  O    TS     0 PTAMS 0x00000000c0300000 NTAMS 0x00000000c0300000 space 1024K, 100% used [0x00000000c0200000, 0x00000000c0300000)
AC   0  O    TS     0 PTAMS 0x00000000c0400000 NTAMS 0x00000000c0400000 space 1024K, 100% used [0x00000000c0300000, 0x00000000c0400000)
AC   0  O    TS     0 PTAMS 0x00000000c0500000 NTAMS 0x00000000c0500000 space 1024K, 100% used [0x00000000c0400000, 0x00000000c0500000)
AC   0  O    TS     0 PTAMS 0x00000000c0600000 NTAMS 0x00000000c0600000 space 1024K, 100% used [0x00000000c0500000, 0x00000000c0600000)
AC   0  O    TS     0 PTAMS 0x00000000c0700000 NTAMS 0x00000000c0700000 space 1024K, 100% used [0x00000000c0600000, 0x00000000c0700000)
AC   0  O    TS     0 PTAMS 0x00000000c0800000 NTAMS 0x00000000c0800000 space 1024K, 100% used [0x00000000c0700000, 0x00000000c0800000)
AC   0  O    TS     3 PTAMS 0x00000000c0800000 NTAMS 0x00000000c0800000 space 1024K, 100% used [0x00000000c0800000, 0x00000000c0900000)
AC   0  O    TS     0 PTAMS 0x00000000c0a00000 NTAMS 0x00000000c0a00000 space 1024K, 100% used [0x00000000c0900000, 0x00000000c0a00000)
AC   0  O    TS     0 PTAMS 0x00000000c0b00000 NTAMS 0x00000000c0b00000 space 1024K, 100% used [0x00000000c0a00000, 0x00000000c0b00000)
AC   0  O    TS     0 PTAMS 0x00000000c0c00000 NTAMS 0x00000000c0c00000 space 1024K, 100% used [0x00000000c0b00000, 0x00000000c0c00000)
AC   0  O    TS     0 PTAMS 0x00000000c0d00000 NTAMS 0x00000000c0d00000 space 1024K, 100% used [0x00000000c0c00000, 0x00000000c0d00000)
AC   0  O    TS     0 PTAMS 0x00000000c0e00000 NTAMS 0x00000000c0e00000 space 1024K, 100% used [0x00000000c0d00000, 0x00000000c0e00000)
AC   0  O    TS     0 PTAMS 0x00000000c0f00000 NTAMS 0x00000000c0f00000 space 1024K, 100% used [0x00000000c0e00000, 0x00000000c0f00000)
AC   0  O    TS     3 PTAMS 0x00000000c0f00000 NTAMS 0x00000000c0f00000 space 1024K, 100% used [0x00000000c0f00000, 0x00000000c1000000)
AC   0  O    TS     0 PTAMS 0x00000000c1100000 NTAMS 0x00000000c1100000 space 1024K, 100% used [0x00000000c1000000, 0x00000000c1100000)
AC   0  O    TS     3 PTAMS 0x00000000c1100000 NTAMS 0x00000000c1100000 space 1024K, 100% used [0x00000000c1100000, 0x00000000c1200000)
AC   0  O    TS     3 PTAMS 0x00000000c1200000 NTAMS 0x00000000c1200000 space 1024K, 100% used [0x00000000c1200000, 0x00000000c1300000)
AC   0  O    TS     0 PTAMS 0x00000000c1400000 NTAMS 0x00000000c1400000 space 1024K, 100% used [0x00000000c1300000, 0x00000000c1400000)
AC   0  O    TS     0 PTAMS 0x00000000c1500000 NTAMS 0x00000000c1500000 space 1024K, 100% used [0x00000000c1400000, 0x00000000c1500000)
AC   0  O    TS     3 PTAMS 0x00000000c1500000 NTAMS 0x00000000c1500000 space 1024K, 100% used [0x00000000c1500000, 0x00000000c1600000)
AC   0  O    TS     3 PTAMS 0x00000000c1600000 NTAMS 0x00000000c1600000 space 1024K, 100% used [0x00000000c1600000, 0x00000000c1700000)
AC   0  O    TS     0 PTAMS 0x00000000c1800000 NTAMS 0x00000000c1800000 space 1024K, 100% used [0x00000000c1700000, 0x00000000c1800000)
AC   0  O    TS     0 PTAMS 0x00000000c1900000 NTAMS 0x00000000c1900000 space 1024K, 100% used [0x00000000c1800000, 0x00000000c1900000)
AC   0  O    TS     0 PTAMS 0x00000000c1a00000 NTAMS 0x00000000c1a00000 space 1024K, 100% used [0x00000000c1900000, 0x00000000c1a00000)
AC   0  O    TS     0 PTAMS 0x00000000c1b00000 NTAMS 0x00000000c1b00000 space 1024K, 100% used [0x00000000c1a00000, 0x00000000c1b00000)
AC   0  O    TS     3 PTAMS 0x00000000c1b00000 NTAMS 0x00000000c1b00000 space 1024K, 100% used [0x00000000c1b00000, 0x00000000c1c00000)
AC   0  O    TS     0 PTAMS 0x00000000c1d00000 NTAMS 0x00000000c1d00000 space 1024K, 100% used [0x00000000c1c00000, 0x00000000c1d00000)
AC   0  O    TS     0 PTAMS 0x00000000c1e00000 NTAMS 0x00000000c1e00000 space 1024K, 100% used [0x00000000c1d00000, 0x00000000c1e00000)
AC   0  O    TS     0 PTAMS 0x00000000c1f00000 NTAMS 0x00000000c1f00000 space 1024K, 100% used [0x00000000c1e00000, 0x00000000c1f00000)
AC   0  O    TS     0 PTAMS 0x00000000c2000000 NTAMS 0x00000000c2000000 space 1024K, 100% used [0x00000000c1f00000, 0x00000000c2000000)
AC   0  O    TS     0 PTAMS 0x00000000c2100000 NTAMS 0x00000000c2100000 space 1024K, 100% used [0x00000000c2000000, 0x00000000c2100000)
AC   0 HS    TS     0 PTAMS 0x00000000c21e0400 NTAMS 0x00000000c21e0400 space 1024K,  87% used [0x00000000c2100000, 0x00000000c2200000)
AC   0  O    TS     0 PTAMS 0x00000000c2300000 NTAMS 0x00000000c2300000 space 1024K, 100% used [0x00000000c2200000, 0x00000000c2300000)
AC   0  O    TS     0 PTAMS 0x00000000c2400000 NTAMS 0x00000000c2400000 space 1024K, 100% used [0x00000000c2300000, 0x00000000c2400000)
AC   0  O    TS     0 PTAMS 0x00000000c2500000 NTAMS 0x00000000c2500000 space 1024K, 100% used [0x00000000c2400000, 0x00000000c2500000)
AC   0  O    TS     0 PTAMS 0x00000000c2600000 NTAMS 0x00000000c2600000 space 1024K, 100% used [0x00000000c2500000, 0x00000000c2600000)
AC   0  O    TS     0 PTAMS 0x00000000c2700000 NTAMS 0x00000000c2700000 space 1024K, 100% used [0x00000000c2600000, 0x00000000c2700000)
AC   0  O    TS     0 PTAMS 0x00000000c2800000 NTAMS 0x00000000c2800000 space 1024K, 100% used [0x00000000c2700000, 0x00000000c2800000)
AC   0  O    TS     0 PTAMS 0x00000000c2900000 NTAMS 0x00000000c2900000 space 1024K, 100% used [0x00000000c2800000, 0x00000000c2900000)
AC   0  O    TS     3 PTAMS 0x00000000c2900000 NTAMS 0x00000000c2900000 space 1024K, 100% used [0x00000000c2900000, 0x00000000c2a00000)
AC   0  O    TS     0 PTAMS 0x00000000c2b00000 NTAMS 0x00000000c2b00000 space 1024K, 100% used [0x00000000c2a00000, 0x00000000c2b00000)
AC   0  O    TS     0 PTAMS 0x00000000c2c00000 NTAMS 0x00000000c2c00000 space 1024K, 100% used [0x00000000c2b00000, 0x00000000c2c00000)
AC   0  O    TS     0 PTAMS 0x00000000c2d00000 NTAMS 0x00000000c2d00000 space 1024K, 100% used [0x00000000c2c00000, 0x00000000c2d00000)
AC   0  O    TS     3 PTAMS 0x00000000c2d00000 NTAMS 0x00000000c2d00000 space 1024K, 100% used [0x00000000c2d00000, 0x00000000c2e00000)
AC   0  O    TS     3 PTAMS 0x00000000c2e00000 NTAMS 0x00000000c2e00000 space 1024K, 100% used [0x00000000c2e00000, 0x00000000c2f00000)
AC   0  O    TS     0 PTAMS 0x00000000c3000000 NTAMS 0x00000000c3000000 space 1024K, 100% used [0x00000000c2f00000, 0x00000000c3000000)
AC   0  F    TS     0 PTAMS 0x00000000c3000000 NTAMS 0x00000000c3000000 space 1024K,   0% used [0x00000000c3000000, 0x00000000c3100000)
AC   0  O    TS     3 PTAMS 0x00000000c3100000 NTAMS 0x00000000c3100000 space 1024K, 100% used [0x00000000c3100000, 0x00000000c3200000)
AC   0  O    TS     3 PTAMS 0x00000000c3200000 NTAMS 0x00000000c3200000 space 1024K, 100% used [0x00000000c3200000, 0x00000000c3300000)
AC   0  F    TS     0 PTAMS 0x00000000c3300000 NTAMS 0x00000000c3300000 space 1024K,   0% used [0x00000000c3300000, 0x00000000c3400000)
AC   0  O    TS     0 PTAMS 0x00000000c3500000 NTAMS 0x00000000c3500000 space 1024K, 100% used [0x00000000c3400000, 0x00000000c3500000)
AC   0  O    TS     0 PTAMS 0x00000000c3600000 NTAMS 0x00000000c3600000 space 1024K, 100% used [0x00000000c3500000, 0x00000000c3600000)
AC   0  O    TS     0 PTAMS 0x00000000c3700000 NTAMS 0x00000000c3700000 space 1024K, 100% used [0x00000000c3600000, 0x00000000c3700000)
AC   0  O    TS     0 PTAMS 0x00000000c3800000 NTAMS 0x00000000c3800000 space 1024K, 100% used [0x00000000c3700000, 0x00000000c3800000)
AC   0  O    TS     0 PTAMS 0x00000000c3900000 NTAMS 0x00000000c3900000 space 1024K, 100% used [0x00000000c3800000, 0x00000000c3900000)
AC   0  F    TS     0 PTAMS 0x00000000c3900000 NTAMS 0x00000000c3900000 space 1024K,   0% used [0x00000000c3900000, 0x00000000c3a00000)
AC   0  O    TS     0 PTAMS 0x00000000c3b00000 NTAMS 0x00000000c3b00000 space 1024K, 100% used [0x00000000c3a00000, 0x00000000c3b00000)
AC   0  F    TS     0 PTAMS 0x00000000c3b00000 NTAMS 0x00000000c3b00000 space 1024K,   0% used [0x00000000c3b00000, 0x00000000c3c00000)
AC   0  O    TS     0 PTAMS 0x00000000c3d00000 NTAMS 0x00000000c3d00000 space 1024K, 100% used [0x00000000c3c00000, 0x00000000c3d00000)
AC   0  O    TS     0 PTAMS 0x00000000c3e00000 NTAMS 0x00000000c3e00000 space 1024K, 100% used [0x00000000c3d00000, 0x00000000c3e00000)
AC   0  O    TS     0 PTAMS 0x00000000c3f00000 NTAMS 0x00000000c3f00000 space 1024K, 100% used [0x00000000c3e00000, 0x00000000c3f00000)
AC   0  O    TS     0 PTAMS 0x00000000c4000000 NTAMS 0x00000000c4000000 space 1024K, 100% used [0x00000000c3f00000, 0x00000000c4000000)
AC   0  O    TS     0 PTAMS 0x00000000c4100000 NTAMS 0x00000000c4100000 space 1024K, 100% used [0x00000000c4000000, 0x00000000c4100000)
AC   0  O    TS     0 PTAMS 0x00000000c4200000 NTAMS 0x00000000c4200000 space 1024K, 100% used [0x00000000c4100000, 0x00000000c4200000)
AC   0  O    TS     0 PTAMS 0x00000000c4300000 NTAMS 0x00000000c4300000 space 1024K, 100% used [0x00000000c4200000, 0x00000000c4300000)
AC   0  O    TS     0 PTAMS 0x00000000c4400000 NTAMS 0x00000000c4400000 space 1024K, 100% used [0x00000000c4300000, 0x00000000c4400000)
AC   0  O    TS     0 PTAMS 0x00000000c4500000 NTAMS 0x00000000c4500000 space 1024K, 100% used [0x00000000c4400000, 0x00000000c4500000)
AC   0  O    TS     3 PTAMS 0x00000000c4500000 NTAMS 0x00000000c4500000 space 1024K, 100% used [0x00000000c4500000, 0x00000000c4600000)
AC   0  O    TS     3 PTAMS 0x00000000c4600000 NTAMS 0x00000000c4600000 space 1024K, 100% used [0x00000000c4600000, 0x00000000c4700000)
AC   0  O    TS     0 PTAMS 0x00000000c4800000 NTAMS 0x00000000c4800000 space 1024K, 100% used [0x00000000c4700000, 0x00000000c4800000)
AC   0  O    TS     0 PTAMS 0x00000000c4900000 NTAMS 0x00000000c4900000 space 1024K, 100% used [0x00000000c4800000, 0x00000000c4900000)
AC   0  O    TS     3 PTAMS 0x00000000c4900000 NTAMS 0x00000000c4900000 space 1024K, 100% used [0x00000000c4900000, 0x00000000c4a00000)
AC   0  F    TS     0 PTAMS 0x00000000c4a00000 NTAMS 0x00000000c4a00000 space 1024K,   0% used [0x00000000c4a00000, 0x00000000c4b00000)
AC   0  O    TS     0 PTAMS 0x00000000c4c00000 NTAMS 0x00000000c4c00000 space 1024K, 100% used [0x00000000c4b00000, 0x00000000c4c00000)
AC   0  O    TS     0 PTAMS 0x00000000c4d00000 NTAMS 0x00000000c4d00000 space 1024K, 100% used [0x00000000c4c00000, 0x00000000c4d00000)
AC   0  O    TS     0 PTAMS 0x00000000c4e00000 NTAMS 0x00000000c4e00000 space 1024K, 100% used [0x00000000c4d00000, 0x00000000c4e00000)
AC   0  O    TS     0 PTAMS 0x00000000c4f00000 NTAMS 0x00000000c4f00000 space 1024K, 100% used [0x00000000c4e00000, 0x00000000c4f00000)
AC   0  O    TS     0 PTAMS 0x00000000c5000000 NTAMS 0x00000000c5000000 space 1024K, 100% used [0x00000000c4f00000, 0x00000000c5000000)
AC   0  O    TS     0 PTAMS 0x00000000c5100000 NTAMS 0x00000000c5100000 space 1024K, 100% used [0x00000000c5000000, 0x00000000c5100000)
AC   0  F    TS     0 PTAMS 0x00000000c5100000 NTAMS 0x00000000c5100000 space 1024K,   0% used [0x00000000c5100000, 0x00000000c5200000)
AC   0  O    TS     0 PTAMS 0x00000000c5300000 NTAMS 0x00000000c5300000 space 1024K, 100% used [0x00000000c5200000, 0x00000000c5300000)
AC   0  O    TS     0 PTAMS 0x00000000c5400000 NTAMS 0x00000000c5400000 space 1024K, 100% used [0x00000000c5300000, 0x00000000c5400000)
AC   0  F    TS     0 PTAMS 0x00000000c5400000 NTAMS 0x00000000c5400000 space 1024K,   0% used [0x00000000c5400000, 0x00000000c5500000)
AC   0  F    TS     0 PTAMS 0x00000000c5500000 NTAMS 0x00000000c5500000 space 1024K,   0% used [0x00000000c5500000, 0x00000000c5600000)
AC   0  O    TS     0 PTAMS 0x00000000c5700000 NTAMS 0x00000000c5700000 space 1024K, 100% used [0x00000000c5600000, 0x00000000c5700000)
AC   0 HS    TS     0 PTAMS 0x00000000c5700000 NTAMS 0x00000000c5700000 space 3072K,  70% used [0x00000000c5700000, 0x00000000c5a00000)
AC   0 HC    TS     0 PTAMS 0x00000000c5800000 NTAMS 0x00000000c5800000 space 1024K, 100% used [0x00000000c5800000, 0x00000000c5900000)
AC   0 HC    TS     0 PTAMS 0x00000000c5900000 NTAMS 0x00000000c5900000 space 1024K,  12% used [0x00000000c5900000, 0x00000000c5a00000)
AC   0  O    TS     0 PTAMS 0x00000000c5b00000 NTAMS 0x00000000c5b00000 space 1024K, 100% used [0x00000000c5a00000, 0x00000000c5b00000)
AC   0  O    TS     0 PTAMS 0x00000000c5c00000 NTAMS 0x00000000c5c00000 space 1024K, 100% used [0x00000000c5b00000, 0x00000000c5c00000)
AC   0  O    TS     0 PTAMS 0x00000000c5d00000 NTAMS 0x00000000c5d00000 space 1024K, 100% used [0x00000000c5c00000, 0x00000000c5d00000)
AC   0  O    TS     0 PTAMS 0x00000000c5e00000 NTAMS 0x00000000c5e00000 space 1024K, 100% used [0x00000000c5d00000, 0x00000000c5e00000)
AC   0  O    TS     0 PTAMS 0x00000000c5f00000 NTAMS 0x00000000c5f00000 space 1024K, 100% used [0x00000000c5e00000, 0x00000000c5f00000)
AC   0  O    TS     0 PTAMS 0x00000000c6000000 NTAMS 0x00000000c6000000 space 1024K, 100% used [0x00000000c5f00000, 0x00000000c6000000)
AC   0  O    TS     0 PTAMS 0x00000000c6100000 NTAMS 0x00000000c6100000 space 1024K, 100% used [0x00000000c6000000, 0x00000000c6100000)
AC   0  O    TS     0 PTAMS 0x00000000c6200000 NTAMS 0x00000000c6200000 space 1024K, 100% used [0x00000000c6100000, 0x00000000c6200000)
AC   0  O    TS     0 PTAMS 0x00000000c6300000 NTAMS 0x00000000c6300000 space 1024K, 100% used [0x00000000c6200000, 0x00000000c6300000)
AC   0  O    TS     0 PTAMS 0x00000000c6400000 NTAMS 0x00000000c6400000 space 1024K, 100% used [0x00000000c6300000, 0x00000000c6400000)
AC   0  O    TS     0 PTAMS 0x00000000c6500000 NTAMS 0x00000000c6500000 space 1024K, 100% used [0x00000000c6400000, 0x00000000c6500000)
AC   0  O    TS     0 PTAMS 0x00000000c6600000 NTAMS 0x00000000c6600000 space 1024K, 100% used [0x00000000c6500000, 0x00000000c6600000)
AC   0  O    TS     0 PTAMS 0x00000000c6700000 NTAMS 0x00000000c6700000 space 1024K, 100% used [0x00000000c6600000, 0x00000000c6700000)
AC   0  O    TS     3 PTAMS 0x00000000c6700000 NTAMS 0x00000000c6700000 space 1024K,  86% used [0x00000000c6700000, 0x00000000c6800000)
AC   0  O    TS     0 PTAMS 0x00000000c6900000 NTAMS 0x00000000c6900000 space 1024K, 100% used [0x00000000c6800000, 0x00000000c6900000)
AC   0  O    TS     0 PTAMS 0x00000000c6a00000 NTAMS 0x00000000c6a00000 space 1024K, 100% used [0x00000000c6900000, 0x00000000c6a00000)
AC   0  O    TS     0 PTAMS 0x00000000c6b00000 NTAMS 0x00000000c6b00000 space 1024K, 100% used [0x00000000c6a00000, 0x00000000c6b00000)
AC   0  O    TS     0 PTAMS 0x00000000c6c00000 NTAMS 0x00000000c6c00000 space 1024K, 100% used [0x00000000c6b00000, 0x00000000c6c00000)
AC   0  O    TS     0 PTAMS 0x00000000c6d00000 NTAMS 0x00000000c6d00000 space 1024K, 100% used [0x00000000c6c00000, 0x00000000c6d00000)
AC   0  F    TS     0 PTAMS 0x00000000c6d00000 NTAMS 0x00000000c6d00000 space 1024K,   0% used [0x00000000c6d00000, 0x00000000c6e00000)
AC   0  O    TS     0 PTAMS 0x00000000c6f00000 NTAMS 0x00000000c6f00000 space 1024K, 100% used [0x00000000c6e00000, 0x00000000c6f00000)
AC   0  F    TS     0 PTAMS 0x00000000c6f00000 NTAMS 0x00000000c6f00000 space 1024K,   0% used [0x00000000c6f00000, 0x00000000c7000000)
AC   0  O    TS     0 PTAMS 0x00000000c7100000 NTAMS 0x00000000c7100000 space 1024K, 100% used [0x00000000c7000000, 0x00000000c7100000)
AC   0  O    TS     0 PTAMS 0x00000000c7200000 NTAMS 0x00000000c7200000 space 1024K, 100% used [0x00000000c7100000, 0x00000000c7200000)
AC   0  O    TS     0 PTAMS 0x00000000c7300000 NTAMS 0x00000000c7300000 space 1024K, 100% used [0x00000000c7200000, 0x00000000c7300000)
AC   0  F    TS     0 PTAMS 0x00000000c7300000 NTAMS 0x00000000c7300000 space 1024K,   0% used [0x00000000c7300000, 0x00000000c7400000)
AC   0  O    TS     0 PTAMS 0x00000000c7500000 NTAMS 0x00000000c7500000 space 1024K, 100% used [0x00000000c7400000, 0x00000000c7500000)
AC   0  O    TS     0 PTAMS 0x00000000c7600000 NTAMS 0x00000000c7600000 space 1024K, 100% used [0x00000000c7500000, 0x00000000c7600000)
AC   0  O    TS     0 PTAMS 0x00000000c7700000 NTAMS 0x00000000c7700000 space 1024K, 100% used [0x00000000c7600000, 0x00000000c7700000)
AC   0  O    TS     0 PTAMS 0x00000000c7800000 NTAMS 0x00000000c7800000 space 1024K, 100% used [0x00000000c7700000, 0x00000000c7800000)
AC   0  O    TS     0 PTAMS 0x00000000c7900000 NTAMS 0x00000000c7900000 space 1024K, 100% used [0x00000000c7800000, 0x00000000c7900000)
AC   0  O    TS     0 PTAMS 0x00000000c7a00000 NTAMS 0x00000000c7a00000 space 1024K, 100% used [0x00000000c7900000, 0x00000000c7a00000)
AC   0  O    TS     0 PTAMS 0x00000000c7b00000 NTAMS 0x00000000c7b00000 space 1024K, 100% used [0x00000000c7a00000, 0x00000000c7b00000)
AC   0  O    TS     0 PTAMS 0x00000000c7c00000 NTAMS 0x00000000c7c00000 space 1024K, 100% used [0x00000000c7b00000, 0x00000000c7c00000)
AC   0  F    TS     0 PTAMS 0x00000000c7c00000 NTAMS 0x00000000c7c00000 space 1024K,   0% used [0x00000000c7c00000, 0x00000000c7d00000)
AC   0  O    TS     0 PTAMS 0x00000000c7e00000 NTAMS 0x00000000c7e00000 space 1024K, 100% used [0x00000000c7d00000, 0x00000000c7e00000)
AC   0  O    TS     0 PTAMS 0x00000000c7f00000 NTAMS 0x00000000c7f00000 space 1024K, 100% used [0x00000000c7e00000, 0x00000000c7f00000)
AC   0  F    TS     0 PTAMS 0x00000000c7f00000 NTAMS 0x00000000c7f00000 space 1024K,   0% used [0x00000000c7f00000, 0x00000000c8000000)
AC   0  F    TS     0 PTAMS 0x00000000c8000000 NTAMS 0x00000000c8000000 space 1024K,   0% used [0x00000000c8000000, 0x00000000c8100000)
AC   0  O    TS     0 PTAMS 0x00000000c8200000 NTAMS 0x00000000c8200000 space 1024K, 100% used [0x00000000c8100000, 0x00000000c8200000)
AC   0  O    TS     0 PTAMS 0x00000000c8300000 NTAMS 0x00000000c8300000 space 1024K, 100% used [0x00000000c8200000, 0x00000000c8300000)
AC   0  O    TS     0 PTAMS 0x00000000c8400000 NTAMS 0x00000000c8400000 space 1024K, 100% used [0x00000000c8300000, 0x00000000c8400000)
AC   0  F    TS     0 PTAMS 0x00000000c8400000 NTAMS 0x00000000c8400000 space 1024K,   0% used [0x00000000c8400000, 0x00000000c8500000)
AC   0  F    TS     0 PTAMS 0x00000000c8500000 NTAMS 0x00000000c8500000 space 1024K,   0% used [0x00000000c8500000, 0x00000000c8600000)
AC   0  F    TS     0 PTAMS 0x00000000c8600000 NTAMS 0x00000000c8600000 space 1024K,   0% used [0x00000000c8600000, 0x00000000c8700000)
AC   0  F    TS     0 PTAMS 0x00000000c8700000 NTAMS 0x00000000c8700000 space 1024K,   0% used [0x00000000c8700000, 0x00000000c8800000)
AC   0  F    TS     0 PTAMS 0x00000000c8800000 NTAMS 0x00000000c8800000 space 1024K,   0% used [0x00000000c8800000, 0x00000000c8900000)
AC   0  F    TS     0 PTAMS 0x00000000c8900000 NTAMS 0x00000000c8900000 space 1024K,   0% used [0x00000000c8900000, 0x00000000c8a00000)
AC   0  F    TS     1 PTAMS 0x00000000c8a00000 NTAMS 0x00000000c8a00000 space 1024K,   0% used [0x00000000c8a00000, 0x00000000c8b00000)
AC   0  F    TS     0 PTAMS 0x00000000c8b00000 NTAMS 0x00000000c8b00000 space 1024K,   0% used [0x00000000c8b00000, 0x00000000c8c00000)
AC   0  F    TS     1 PTAMS 0x00000000c8c00000 NTAMS 0x00000000c8c00000 space 1024K,   0% used [0x00000000c8c00000, 0x00000000c8d00000)
AC   0  F    TS     1 PTAMS 0x00000000c8d00000 NTAMS 0x00000000c8d00000 space 1024K,   0% used [0x00000000c8d00000, 0x00000000c8e00000)
AC   0  F    TS     1 PTAMS 0x00000000c8e00000 NTAMS 0x00000000c8e00000 space 1024K,   0% used [0x00000000c8e00000, 0x00000000c8f00000)
AC   0  F    TS     1 PTAMS 0x00000000c8f00000 NTAMS 0x00000000c8f00000 space 1024K,   0% used [0x00000000c8f00000, 0x00000000c9000000)
AC   0  F    TS     1 PTAMS 0x00000000c9000000 NTAMS 0x00000000c9000000 space 1024K,   0% used [0x00000000c9000000, 0x00000000c9100000)
AC   0  F    TS     1 PTAMS 0x00000000c9100000 NTAMS 0x00000000c9100000 space 1024K,   0% used [0x00000000c9100000, 0x00000000c9200000)
AC   0  F    TS     1 PTAMS 0x00000000c9200000 NTAMS 0x00000000c9200000 space 1024K,   0% used [0x00000000c9200000, 0x00000000c9300000)
AC   0  F    TS     1 PTAMS 0x00000000c9300000 NTAMS 0x00000000c9300000 space 1024K,   0% used [0x00000000c9300000, 0x00000000c9400000)
AC   0  F    TS     1 PTAMS 0x00000000c9400000 NTAMS 0x00000000c9400000 space 1024K,   0% used [0x00000000c9400000, 0x00000000c9500000)
AC   0  F    TS     1 PTAMS 0x00000000c9500000 NTAMS 0x00000000c9500000 space 1024K,   0% used [0x00000000c9500000, 0x00000000c9600000)
AC   0  F    TS     1 PTAMS 0x00000000c9600000 NTAMS 0x00000000c9600000 space 1024K,   0% used [0x00000000c9600000, 0x00000000c9700000)
AC   0  F    TS     1 PTAMS 0x00000000c9700000 NTAMS 0x00000000c9700000 space 1024K,   0% used [0x00000000c9700000, 0x00000000c9800000)
AC   0  F    TS     0 PTAMS 0x00000000c9800000 NTAMS 0x00000000c9800000 space 1024K,   0% used [0x00000000c9800000, 0x00000000c9900000)
AC   0  F    TS     0 PTAMS 0x00000000c9900000 NTAMS 0x00000000c9900000 space 1024K,   0% used [0x00000000c9900000, 0x00000000c9a00000)
AC   0  F    TS     0 PTAMS 0x00000000c9a00000 NTAMS 0x00000000c9a00000 space 1024K,   0% used [0x00000000c9a00000, 0x00000000c9b00000)
AC   0  F    TS     0 PTAMS 0x00000000c9b00000 NTAMS 0x00000000c9b00000 space 1024K,   0% used [0x00000000c9b00000, 0x00000000c9c00000)
AC   0  F    TS     0 PTAMS 0x00000000c9c00000 NTAMS 0x00000000c9c00000 space 1024K,   0% used [0x00000000c9c00000, 0x00000000c9d00000)
AC   0  F    TS     0 PTAMS 0x00000000c9d00000 NTAMS 0x00000000c9d00000 space 1024K,   0% used [0x00000000c9d00000, 0x00000000c9e00000)
AC   0  F    TS     0 PTAMS 0x00000000c9e00000 NTAMS 0x00000000c9e00000 space 1024K,   0% used [0x00000000c9e00000, 0x00000000c9f00000)
AC   0  F    TS     0 PTAMS 0x00000000c9f00000 NTAMS 0x00000000c9f00000 space 1024K,   0% used [0x00000000c9f00000, 0x00000000ca000000)
AC   0  F    TS     0 PTAMS 0x00000000ca000000 NTAMS 0x00000000ca000000 space 1024K,   0% used [0x00000000ca000000, 0x00000000ca100000)
AC   0  F    TS     0 PTAMS 0x00000000ca100000 NTAMS 0x00000000ca100000 space 1024K,   0% used [0x00000000ca100000, 0x00000000ca200000)
AC   0  F    TS     0 PTAMS 0x00000000ca200000 NTAMS 0x00000000ca200000 space 1024K,   0% used [0x00000000ca200000, 0x00000000ca300000)
AC   0  F    TS     0 PTAMS 0x00000000ca300000 NTAMS 0x00000000ca300000 space 1024K,   0% used [0x00000000ca300000, 0x00000000ca400000)
AC   0  F    TS     0 PTAMS 0x00000000ca400000 NTAMS 0x00000000ca400000 space 1024K,   0% used [0x00000000ca400000, 0x00000000ca500000)
AC   0  F    TS     0 PTAMS 0x00000000ca500000 NTAMS 0x00000000ca500000 space 1024K,   0% used [0x00000000ca500000, 0x00000000ca600000)
AC   0  F    TS     0 PTAMS 0x00000000ca600000 NTAMS 0x00000000ca600000 space 1024K,   0% used [0x00000000ca600000, 0x00000000ca700000)
AC   0  F    TS     0 PTAMS 0x00000000ca700000 NTAMS 0x00000000ca700000 space 1024K,   0% used [0x00000000ca700000, 0x00000000ca800000)
AC   0  F    TS     0 PTAMS 0x00000000ca800000 NTAMS 0x00000000ca800000 space 1024K,   0% used [0x00000000ca800000, 0x00000000ca900000)
AC   0  F    TS     0 PTAMS 0x00000000ca900000 NTAMS 0x00000000ca900000 space 1024K,   0% used [0x00000000ca900000, 0x00000000caa00000)
AC   0  F    TS     0 PTAMS 0x00000000caa00000 NTAMS 0x00000000caa00000 space 1024K,   0% used [0x00000000caa00000, 0x00000000cab00000)
AC   0  E    TS     0 PTAMS 0x00000000cab00000 NTAMS 0x00000000cab00000 space 1024K,  54% used [0x00000000cab00000, 0x00000000cac00000)
AC   0  E CS TS     0 PTAMS 0x00000000cac00000 NTAMS 0x00000000cac00000 space 1024K, 100% used [0x00000000cac00000, 0x00000000cad00000)
AC   0  E CS TS     0 PTAMS 0x00000000cad00000 NTAMS 0x00000000cad00000 space 1024K, 100% used [0x00000000cad00000, 0x00000000cae00000)
AC   0  E CS TS     0 PTAMS 0x00000000cae00000 NTAMS 0x00000000cae00000 space 1024K, 100% used [0x00000000cae00000, 0x00000000caf00000)
AC   0  E CS TS     0 PTAMS 0x00000000caf00000 NTAMS 0x00000000caf00000 space 1024K, 100% used [0x00000000caf00000, 0x00000000cb000000)
AC   0  E CS TS     0 PTAMS 0x00000000cb000000 NTAMS 0x00000000cb000000 space 1024K, 100% used [0x00000000cb000000, 0x00000000cb100000)
AC   0  E CS TS     0 PTAMS 0x00000000cb100000 NTAMS 0x00000000cb100000 space 1024K, 100% used [0x00000000cb100000, 0x00000000cb200000)
AC   0  E CS TS     0 PTAMS 0x00000000cb200000 NTAMS 0x00000000cb200000 space 1024K, 100% used [0x00000000cb200000, 0x00000000cb300000)
AC   0  E CS TS     0 PTAMS 0x00000000cb300000 NTAMS 0x00000000cb300000 space 1024K, 100% used [0x00000000cb300000, 0x00000000cb400000)
AC   0  E CS TS     0 PTAMS 0x00000000cb400000 NTAMS 0x00000000cb400000 space 1024K, 100% used [0x00000000cb400000, 0x00000000cb500000)
AC   0  E CS TS     0 PTAMS 0x00000000cb500000 NTAMS 0x00000000cb500000 space 1024K, 100% used [0x00000000cb500000, 0x00000000cb600000)
AC   0  E CS TS     0 PTAMS 0x00000000cb600000 NTAMS 0x00000000cb600000 space 1024K, 100% used [0x00000000cb600000, 0x00000000cb700000)
AC   0  E CS TS     0 PTAMS 0x00000000cb700000 NTAMS 0x00000000cb700000 space 1024K, 100% used [0x00000000cb700000, 0x00000000cb800000)
AC   0  E CS TS     0 PTAMS 0x00000000cb800000 NTAMS 0x00000000cb800000 space 1024K, 100% used [0x00000000cb800000, 0x00000000cb900000)
AC   0  E CS TS     0 PTAMS 0x00000000cb900000 NTAMS 0x00000000cb900000 space 1024K, 100% used [0x00000000cb900000, 0x00000000cba00000)
AC   0  E CS TS     0 PTAMS 0x00000000cba00000 NTAMS 0x00000000cba00000 space 1024K, 100% used [0x00000000cba00000, 0x00000000cbb00000)
AC   0  E CS TS     0 PTAMS 0x00000000cbb00000 NTAMS 0x00000000cbb00000 space 1024K, 100% used [0x00000000cbb00000, 0x00000000cbc00000)
AC   0  E CS TS     0 PTAMS 0x00000000cbc00000 NTAMS 0x00000000cbc00000 space 1024K, 100% used [0x00000000cbc00000, 0x00000000cbd00000)
AC   0  E CS TS     0 PTAMS 0x00000000cbd00000 NTAMS 0x00000000cbd00000 space 1024K, 100% used [0x00000000cbd00000, 0x00000000cbe00000)
AC   0  E CS TS     0 PTAMS 0x00000000cbe00000 NTAMS 0x00000000cbe00000 space 1024K, 100% used [0x00000000cbe00000, 0x00000000cbf00000)
AC   0  E CS TS     0 PTAMS 0x00000000cbf00000 NTAMS 0x00000000cbf00000 space 1024K, 100% used [0x00000000cbf00000, 0x00000000cc000000)
AC   0  E CS TS     0 PTAMS 0x00000000cc000000 NTAMS 0x00000000cc000000 space 1024K, 100% used [0x00000000cc000000, 0x00000000cc100000)
AC   0  E CS TS     0 PTAMS 0x00000000cc100000 NTAMS 0x00000000cc100000 space 1024K, 100% used [0x00000000cc100000, 0x00000000cc200000)
AC   0  E CS TS     0 PTAMS 0x00000000cc200000 NTAMS 0x00000000cc200000 space 1024K, 100% used [0x00000000cc200000, 0x00000000cc300000)
AC   0  E CS TS     0 PTAMS 0x00000000cc300000 NTAMS 0x00000000cc300000 space 1024K, 100% used [0x00000000cc300000, 0x00000000cc400000)
AC   0  E CS TS     0 PTAMS 0x00000000cc400000 NTAMS 0x00000000cc400000 space 1024K, 100% used [0x00000000cc400000, 0x00000000cc500000)
AC   0  E CS TS     0 PTAMS 0x00000000cc500000 NTAMS 0x00000000cc500000 space 1024K, 100% used [0x00000000cc500000, 0x00000000cc600000)
AC   0  E CS TS     0 PTAMS 0x00000000cc600000 NTAMS 0x00000000cc600000 space 1024K, 100% used [0x00000000cc600000, 0x00000000cc700000)
AC   0  E CS TS     0 PTAMS 0x00000000cc700000 NTAMS 0x00000000cc700000 space 1024K, 100% used [0x00000000cc700000, 0x00000000cc800000)
AC   0  E CS TS     0 PTAMS 0x00000000cc800000 NTAMS 0x00000000cc800000 space 1024K, 100% used [0x00000000cc800000, 0x00000000cc900000)
AC   0  E CS TS     0 PTAMS 0x00000000cc900000 NTAMS 0x00000000cc900000 space 1024K, 100% used [0x00000000cc900000, 0x00000000cca00000)
AC   0  E CS TS     0 PTAMS 0x00000000cca00000 NTAMS 0x00000000cca00000 space 1024K, 100% used [0x00000000cca00000, 0x00000000ccb00000)
AC   0  E CS TS     0 PTAMS 0x00000000ccb00000 NTAMS 0x00000000ccb00000 space 1024K, 100% used [0x00000000ccb00000, 0x00000000ccc00000)
AC   0  E CS TS     0 PTAMS 0x00000000ccc00000 NTAMS 0x00000000ccc00000 space 1024K, 100% used [0x00000000ccc00000, 0x00000000ccd00000)
AC   0  E CS TS     0 PTAMS 0x00000000ccd00000 NTAMS 0x00000000ccd00000 space 1024K, 100% used [0x00000000ccd00000, 0x00000000cce00000)
AC   0  E CS TS     0 PTAMS 0x00000000cce00000 NTAMS 0x00000000cce00000 space 1024K, 100% used [0x00000000cce00000, 0x00000000ccf00000)
AC   0  E CS TS     0 PTAMS 0x00000000ccf00000 NTAMS 0x00000000ccf00000 space 1024K, 100% used [0x00000000ccf00000, 0x00000000cd000000)
AC   0  E CS TS     0 PTAMS 0x00000000cd000000 NTAMS 0x00000000cd000000 space 1024K, 100% used [0x00000000cd000000, 0x00000000cd100000)
AC   0  E CS TS     0 PTAMS 0x00000000cd100000 NTAMS 0x00000000cd100000 space 1024K, 100% used [0x00000000cd100000, 0x00000000cd200000)
AC   0  E CS TS     0 PTAMS 0x00000000cd200000 NTAMS 0x00000000cd200000 space 1024K, 100% used [0x00000000cd200000, 0x00000000cd300000)
AC   0  E CS TS     0 PTAMS 0x00000000cd300000 NTAMS 0x00000000cd300000 space 1024K, 100% used [0x00000000cd300000, 0x00000000cd400000)
AC   0  E CS TS     0 PTAMS 0x00000000cd400000 NTAMS 0x00000000cd400000 space 1024K, 100% used [0x00000000cd400000, 0x00000000cd500000)
AC   0  E CS TS     0 PTAMS 0x00000000cd500000 NTAMS 0x00000000cd500000 space 1024K, 100% used [0x00000000cd500000, 0x00000000cd600000)
AC   0  E CS TS     0 PTAMS 0x00000000cd600000 NTAMS 0x00000000cd600000 space 1024K, 100% used [0x00000000cd600000, 0x00000000cd700000)
AC   0  E CS TS     0 PTAMS 0x00000000cd700000 NTAMS 0x00000000cd700000 space 1024K, 100% used [0x00000000cd700000, 0x00000000cd800000)
AC   0  E CS TS     0 PTAMS 0x00000000cd800000 NTAMS 0x00000000cd800000 space 1024K, 100% used [0x00000000cd800000, 0x00000000cd900000)
AC   0  E CS TS     0 PTAMS 0x00000000cd900000 NTAMS 0x00000000cd900000 space 1024K, 100% used [0x00000000cd900000, 0x00000000cda00000)
AC   0  E CS TS     0 PTAMS 0x00000000cda00000 NTAMS 0x00000000cda00000 space 1024K, 100% used [0x00000000cda00000, 0x00000000cdb00000)
AC   0  E CS TS     0 PTAMS 0x00000000cdb00000 NTAMS 0x00000000cdb00000 space 1024K, 100% used [0x00000000cdb00000, 0x00000000cdc00000)
AC   0  E CS TS     0 PTAMS 0x00000000cdc00000 NTAMS 0x00000000cdc00000 space 1024K, 100% used [0x00000000cdc00000, 0x00000000cdd00000)
AC   0  E CS TS     0 PTAMS 0x00000000cdd00000 NTAMS 0x00000000cdd00000 space 1024K, 100% used [0x00000000cdd00000, 0x00000000cde00000)
AC   0  E CS TS     0 PTAMS 0x00000000cde00000 NTAMS 0x00000000cde00000 space 1024K, 100% used [0x00000000cde00000, 0x00000000cdf00000)
AC   0  E CS TS     0 PTAMS 0x00000000cdf00000 NTAMS 0x00000000cdf00000 space 1024K, 100% used [0x00000000cdf00000, 0x00000000ce000000)
AC   0  E CS TS     0 PTAMS 0x00000000ce000000 NTAMS 0x00000000ce000000 space 1024K, 100% used [0x00000000ce000000, 0x00000000ce100000)
AC   0  E CS TS     0 PTAMS 0x00000000ce100000 NTAMS 0x00000000ce100000 space 1024K, 100% used [0x00000000ce100000, 0x00000000ce200000)
AC   0  E CS TS     0 PTAMS 0x00000000ce200000 NTAMS 0x00000000ce200000 space 1024K, 100% used [0x00000000ce200000, 0x00000000ce300000)
AC   0  E CS TS     0 PTAMS 0x00000000ce300000 NTAMS 0x00000000ce300000 space 1024K, 100% used [0x00000000ce300000, 0x00000000ce400000)
AC   0  E CS TS     0 PTAMS 0x00000000ce400000 NTAMS 0x00000000ce400000 space 1024K, 100% used [0x00000000ce400000, 0x00000000ce500000)
AC   0  E CS TS     0 PTAMS 0x00000000ce500000 NTAMS 0x00000000ce500000 space 1024K, 100% used [0x00000000ce500000, 0x00000000ce600000)
AC   0  E CS TS     0 PTAMS 0x00000000ce600000 NTAMS 0x00000000ce600000 space 1024K, 100% used [0x00000000ce600000, 0x00000000ce700000)
AC   0  E CS TS     0 PTAMS 0x00000000ce700000 NTAMS 0x00000000ce700000 space 1024K, 100% used [0x00000000ce700000, 0x00000000ce800000)
AC   0  E CS TS     0 PTAMS 0x00000000ce800000 NTAMS 0x00000000ce800000 space 1024K, 100% used [0x00000000ce800000, 0x00000000ce900000)
AC   0  E CS TS     0 PTAMS 0x00000000ce900000 NTAMS 0x00000000ce900000 space 1024K, 100% used [0x00000000ce900000, 0x00000000cea00000)
AC   0  E CS TS     0 PTAMS 0x00000000cea00000 NTAMS 0x00000000cea00000 space 1024K, 100% used [0x00000000cea00000, 0x00000000ceb00000)
AC   0  E CS TS     0 PTAMS 0x00000000ceb00000 NTAMS 0x00000000ceb00000 space 1024K, 100% used [0x00000000ceb00000, 0x00000000cec00000)
AC   0  E CS TS     0 PTAMS 0x00000000cec00000 NTAMS 0x00000000cec00000 space 1024K, 100% used [0x00000000cec00000, 0x00000000ced00000)
AC   0  E CS TS     0 PTAMS 0x00000000ced00000 NTAMS 0x00000000ced00000 space 1024K, 100% used [0x00000000ced00000, 0x00000000cee00000)
AC   0  E CS TS     0 PTAMS 0x00000000cee00000 NTAMS 0x00000000cee00000 space 1024K, 100% used [0x00000000cee00000, 0x00000000cef00000)
AC   0  E CS TS     0 PTAMS 0x00000000cef00000 NTAMS 0x00000000cef00000 space 1024K, 100% used [0x00000000cef00000, 0x00000000cf000000)
AC   0  E CS TS     0 PTAMS 0x00000000cf000000 NTAMS 0x00000000cf000000 space 1024K, 100% used [0x00000000cf000000, 0x00000000cf100000)
AC   0  E CS TS     0 PTAMS 0x00000000cf100000 NTAMS 0x00000000cf100000 space 1024K, 100% used [0x00000000cf100000, 0x00000000cf200000)
AC   0  E CS TS     0 PTAMS 0x00000000cf200000 NTAMS 0x00000000cf200000 space 1024K, 100% used [0x00000000cf200000, 0x00000000cf300000)
AC   0  E CS TS     0 PTAMS 0x00000000cf300000 NTAMS 0x00000000cf300000 space 1024K, 100% used [0x00000000cf300000, 0x00000000cf400000)
AC   0  E CS TS     0 PTAMS 0x00000000cf400000 NTAMS 0x00000000cf400000 space 1024K, 100% used [0x00000000cf400000, 0x00000000cf500000)
AC   0  E CS TS     0 PTAMS 0x00000000cf500000 NTAMS 0x00000000cf500000 space 1024K, 100% used [0x00000000cf500000, 0x00000000cf600000)
AC   0  E CS TS     0 PTAMS 0x00000000cf600000 NTAMS 0x00000000cf600000 space 1024K, 100% used [0x00000000cf600000, 0x00000000cf700000)
AC   0  E CS TS     0 PTAMS 0x00000000cf700000 NTAMS 0x00000000cf700000 space 1024K, 100% used [0x00000000cf700000, 0x00000000cf800000)
AC   0  E CS TS     0 PTAMS 0x00000000cf800000 NTAMS 0x00000000cf800000 space 1024K, 100% used [0x00000000cf800000, 0x00000000cf900000)
AC   0  E CS TS     0 PTAMS 0x00000000cf900000 NTAMS 0x00000000cf900000 space 1024K, 100% used [0x00000000cf900000, 0x00000000cfa00000)
AC   0  E CS TS     0 PTAMS 0x00000000cfa00000 NTAMS 0x00000000cfa00000 space 1024K, 100% used [0x00000000cfa00000, 0x00000000cfb00000)
AC   0  E CS TS     0 PTAMS 0x00000000cfb00000 NTAMS 0x00000000cfb00000 space 1024K, 100% used [0x00000000cfb00000, 0x00000000cfc00000)
AC   0  E CS TS     0 PTAMS 0x00000000cfc00000 NTAMS 0x00000000cfc00000 space 1024K, 100% used [0x00000000cfc00000, 0x00000000cfd00000)
AC   0  S CS TS     3 PTAMS 0x00000000cfd00000 NTAMS 0x00000000cfd00000 space 1024K,  99% used [0x00000000cfd00000, 0x00000000cfe00000)
AC   0  S CS TS     3 PTAMS 0x00000000cfe00000 NTAMS 0x00000000cfe00000 space 1024K, 100% used [0x00000000cfe00000, 0x00000000cff00000)
AC   0  E CS TS     0 PTAMS 0x00000000cff00000 NTAMS 0x00000000cff00000 space 1024K, 100% used [0x00000000cff00000, 0x00000000d0000000)

Card table byte_map: [0x000000000abc0000,0x000000000adc0000] byte_map_base: 0x000000000a5c0000

Marking Bits (Prev, Next): (CMBitMap*) 0x00000000095f8698, (CMBitMap*) 0x00000000095f86f0
 Prev Bits: [0x000000000afc0000, 0x000000000bfc0000)
 Next Bits: [0x000000000bfc0000, 0x000000000cfc0000)

Polling page: 0x00000000063f0000

CodeCache: size=245760Kb used=55387Kb max_used=55399Kb free=190372Kb
 bounds [0x0000000010110000, 0x0000000013780000, 0x000000001f110000]
 total_blobs=15747 nmethods=14713 adapters=938
 compilation: enabled

Compilation events (10 events):
Event: 646.158 Thread 0x000000000fae8000 18612       4       org.eclipse.ui.activities.WorkbenchActivityHelper::allowUseOf (39 bytes)
Event: 646.158 Thread 0x000000000fae7000 18613       4       org.eclipse.ui.activities.WorkbenchActivityHelper::allow (85 bytes)
Event: 646.168 Thread 0x000000000faec000 18614       3       org.eclipse.swt.graphics.ImageLoader::hasListeners (23 bytes)
Event: 646.169 Thread 0x000000000faec000 nmethod 18614 0x0000000013234850 code [0x00000000132349c0, 0x0000000013234c68]
Event: 646.170 Thread 0x000000000fae7000 nmethod 18613 0x0000000010f7dd90 code [0x0000000010f7df40, 0x0000000010f7e340]
Event: 646.171 Thread 0x000000000faec000 18615   !   3       org.eclipse.swt.internal.image.FileFormat::loadFromStream (35 bytes)
Event: 646.172 Thread 0x000000000faec000 nmethod 18615 0x0000000013234010 code [0x00000000132341c0, 0x00000000132346e8]
Event: 646.189 Thread 0x000000000fae8000 nmethod 18612 0x0000000010311850 code [0x0000000010311b00, 0x0000000010312958]
Event: 646.746 Thread 0x000000000fae7000 18616       4       org.eclipse.e4.ui.css.core.impl.dom.CSSStyleDeclarationImpl::addProperty (12 bytes)
Event: 646.751 Thread 0x000000000fae7000 nmethod 18616 0x0000000010313b50 code [0x0000000010313ca0, 0x00000000103141b8]

GC Heap History (10 events):
Event: 295.633 GC heap before
{Heap before GC invocations=28 (full 0):
 garbage-first heap   total 262144K, used 138768K [0x00000000c0000000, 0x00000000c0100800, 0x0000000100000000)
  region size 1024K, 12 young (12288K), 6 survivors (6144K)
 Metaspace       used 135132K, capacity 149104K, committed 149360K, reserved 1177600K
  class space    used 16966K, capacity 20756K, committed 20860K, reserved 1048576K
Event: 295.681 GC heap after
Heap after GC invocations=29 (full 0):
 garbage-first heap   total 262144K, used 118122K [0x00000000c0000000, 0x00000000c0100800, 0x0000000100000000)
  region size 1024K, 2 young (2048K), 2 survivors (2048K)
 Metaspace       used 135132K, capacity 149104K, committed 149360K, reserved 1177600K
  class space    used 16966K, capacity 20756K, committed 20860K, reserved 1048576K
}
Event: 319.813 GC heap before
{Heap before GC invocations=29 (full 0):
 garbage-first heap   total 262144K, used 225130K [0x00000000c0000000, 0x00000000c0100800, 0x0000000100000000)
  region size 1024K, 106 young (108544K), 2 survivors (2048K)
 Metaspace       used 145446K, capacity 159882K, committed 160112K, reserved 1187840K
  class space    used 18098K, capacity 22079K, committed 22140K, reserved 1048576K
Event: 319.861 GC heap after
Heap after GC invocations=30 (full 0):
 garbage-first heap   total 262144K, used 133648K [0x00000000c0000000, 0x00000000c0100800, 0x0000000100000000)
  region size 1024K, 14 young (14336K), 14 survivors (14336K)
 Metaspace       used 145446K, capacity 159882K, committed 160112K, reserved 1187840K
  class space    used 18098K, capacity 22079K, committed 22140K, reserved 1048576K
}
Event: 391.676 GC heap before
{Heap before GC invocations=30 (full 0):
 garbage-first heap   total 262144K, used 219664K [0x00000000c0000000, 0x00000000c0100800, 0x0000000100000000)
  region size 1024K, 98 young (100352K), 14 survivors (14336K)
 Metaspace       used 146944K, capacity 161902K, committed 162160K, reserved 1189888K
  class space    used 18248K, capacity 22307K, committed 22396K, reserved 1048576K
Event: 391.693 GC heap after
Heap after GC invocations=31 (full 0):
 garbage-first heap   total 262144K, used 126992K [0x00000000c0000000, 0x00000000c0100800, 0x0000000100000000)
  region size 1024K, 8 young (8192K), 8 survivors (8192K)
 Metaspace       used 146944K, capacity 161902K, committed 162160K, reserved 1189888K
  class space    used 18248K, capacity 22307K, committed 22396K, reserved 1048576K
}
Event: 497.210 GC heap before
{Heap before GC invocations=32 (full 0):
 garbage-first heap   total 262144K, used 224257K [0x00000000c0000000, 0x00000000c0100800, 0x0000000100000000)
  region size 1024K, 104 young (106496K), 8 survivors (8192K)
 Metaspace       used 149257K, capacity 164254K, committed 164336K, reserved 1191936K
  class space    used 18606K, capacity 22727K, committed 22780K, reserved 1048576K
Event: 497.257 GC heap after
Heap after GC invocations=33 (full 0):
 garbage-first heap   total 262144K, used 131073K [0x00000000c0000000, 0x00000000c0100800, 0x0000000100000000)
  region size 1024K, 13 young (13312K), 13 survivors (13312K)
 Metaspace       used 149257K, capacity 164254K, committed 164336K, reserved 1191936K
  class space    used 18606K, capacity 22727K, committed 22780K, reserved 1048576K
}
Event: 497.939 GC heap before
{Heap before GC invocations=33 (full 0):
 garbage-first heap   total 262144K, used 132097K [0x00000000c0000000, 0x00000000c0100800, 0x0000000100000000)
  region size 1024K, 14 young (14336K), 13 survivors (13312K)
 Metaspace       used 149267K, capacity 164254K, committed 164336K, reserved 1191936K
  class space    used 18606K, capacity 22727K, committed 22780K, reserved 1048576K
Event: 497.994 GC heap after
Heap after GC invocations=34 (full 0):
 garbage-first heap   total 262144K, used 121210K [0x00000000c0000000, 0x00000000c0100800, 0x0000000100000000)
  region size 1024K, 2 young (2048K), 2 survivors (2048K)
 Metaspace       used 149267K, capacity 164254K, committed 164336K, reserved 1191936K
  class space    used 18606K, capacity 22727K, committed 22780K, reserved 1048576K
}

Deoptimization events (10 events):
Event: 610.560 Thread 0x00000000237fd000 Uncommon trap: reason=unstable_if action=reinterpret pc=0x000000001310967c method=org.eclipse.emf.ecore.xmi.impl.StringSegment.add(Ljava/lang/String;)V @ 151
Event: 610.561 Thread 0x00000000237fd000 Uncommon trap: reason=unstable_if action=reinterpret pc=0x000000001311b86c method=org.eclipse.emf.ecore.xmi.impl.StringSegment.add(Ljava/lang/String;)V @ 151
Event: 610.605 Thread 0x00000000237fd000 Uncommon trap: reason=unstable_if action=reinterpret pc=0x000000001311f12c method=java.util.concurrent.locks.ReentrantReadWriteLock$Sync.tryAcquire(I)Z @ 80
Event: 610.608 Thread 0x00000000238e8000 Uncommon trap: reason=unstable_if action=reinterpret pc=0x0000000010ab543c method=java.util.concurrent.locks.ReentrantReadWriteLock$Sync.tryAcquire(I)Z @ 80
Event: 618.549 Thread 0x00000000095c2800 Uncommon trap: reason=null_assert action=make_not_entrant pc=0x000000001338b930 method=org.eclipse.swt.widgets.Control.isActive()Z @ 7
Event: 637.186 Thread 0x00000000095c2800 Uncommon trap: reason=bimorphic action=maybe_recompile pc=0x00000000136a6598 method=org.eclipse.swt.widgets.Control.isActive()Z @ 30
Event: 637.188 Thread 0x00000000095c2800 Uncommon trap: reason=unstable_if action=reinterpret pc=0x0000000011cfb6c8 method=org.eclipse.core.runtime.Path.toOSString()Ljava/lang/String; @ 104
Event: 637.188 Thread 0x00000000095c2800 Uncommon trap: reason=unstable_if action=reinterpret pc=0x000000001167a3d8 method=org.eclipse.core.runtime.Path.append(Lorg/eclipse/core/runtime/IPath;)Lorg/eclipse/core/runtime/IPath; @ 19
Event: 637.289 Thread 0x00000000095c2800 Uncommon trap: reason=bimorphic action=maybe_recompile pc=0x0000000011c64aa8 method=java.nio.charset.CharsetDecoder.reset()Ljava/nio/charset/CharsetDecoder; @ 1
Event: 637.290 Thread 0x00000000095c2800 Uncommon trap: reason=unstable_if action=reinterpret pc=0x0000000012cb8e48 method=org.eclipse.core.runtime.Path.removeTrailingSeparator()Lorg/eclipse/core/runtime/IPath; @ 4

Classes redefined (0 events):
No events

Internal exceptions (10 events):
Event: 490.700 Thread 0x00000000237f9000 Exception <a 'java/lang/NullPointerException'> (0x00000000ca04c4d8) thrown at [C:\re\workspace\8-2-build-windows-amd64-cygwin\jdk8u181\11358\hotspot\src\share\vm\runtime\sharedRuntime.cpp, line 605]
Event: 490.700 Thread 0x00000000237f9000 Implicit null exception at 0x00000000111eb4c1 to 0x00000000111ee698
Event: 490.700 Thread 0x00000000237f9000 Exception <a 'java/lang/NullPointerException'> (0x00000000ca04cd18) thrown at [C:\re\workspace\8-2-build-windows-amd64-cygwin\jdk8u181\11358\hotspot\src\share\vm\runtime\sharedRuntime.cpp, line 605]
Event: 490.700 Thread 0x00000000237f9000 Implicit null exception at 0x00000000111eb4c1 to 0x00000000111ee698
Event: 490.700 Thread 0x00000000237f9000 Exception <a 'java/lang/NullPointerException'> (0x00000000ca04cf30) thrown at [C:\re\workspace\8-2-build-windows-amd64-cygwin\jdk8u181\11358\hotspot\src\share\vm\runtime\sharedRuntime.cpp, line 605]
Event: 490.700 Thread 0x00000000237f9000 Implicit null exception at 0x00000000111eb4c1 to 0x00000000111ee698
Event: 490.700 Thread 0x00000000237f9000 Exception <a 'java/lang/NullPointerException'> (0x00000000ca04d148) thrown at [C:\re\workspace\8-2-build-windows-amd64-cygwin\jdk8u181\11358\hotspot\src\share\vm\runtime\sharedRuntime.cpp, line 605]
Event: 490.943 Thread 0x00000000205c8800 Exception <a 'java/lang/ArrayIndexOutOfBoundsException': 195> (0x00000000c9f20740) thrown at [C:\re\workspace\8-2-build-windows-amd64-cygwin\jdk8u181\11358\hotspot\src\share\vm\interpreter\interpreterRuntime.cpp, line 366]
Event: 497.482 Thread 0x00000000205c8800 Exception <a 'java/lang/ArrayIndexOutOfBoundsException'> (0x00000000cff2c478) thrown at [C:\re\workspace\8-2-build-windows-amd64-cygwin\jdk8u181\11358\hotspot\src\share\vm\runtime\sharedRuntime.cpp, line 605]
Event: 524.323 Thread 0x00000000095c2800 Implicit null exception at 0x0000000012e8a430 to 0x0000000012e8a4c9

Events (10 events):
Event: 638.898 Thread 0x000000000faec000 flushing nmethod 0x000000001193e190
Event: 638.903 Thread 0x000000000faec000 flushing nmethod 0x0000000011d37250
Event: 638.909 Thread 0x000000000faec000 flushing nmethod 0x0000000012438050
Event: 639.569 Thread 0x000000000fae8000 flushing nmethod 0x00000000129fc190
Event: 640.535 Thread 0x000000000fae7000 flushing nmethod 0x0000000012cdad50
Event: 641.101 Thread 0x0000000026e14800 Thread added: 0x0000000026e14800
Event: 641.102 Executing VM operation: RevokeBias
Event: 641.102 Executing VM operation: RevokeBias done
Event: 641.102 Thread 0x0000000026e14800 Thread exited: 0x0000000026e14800
Event: 641.108 Thread 0x000000000faec000 flushing nmethod 0x0000000013233250


Dynamic libraries:
0x0000000000400000 - 0x000000000044f000 	F:\\\\eclipse\eclipse.exe
0x00007ffe621b0000 - 0x00007ffe62390000 	C:\Windows\SYSTEM32\ntdll.dll
0x00007ffe61e40000 - 0x00007ffe61eee000 	C:\Windows\System32\KERNEL32.DLL
0x00007ffe5ecc0000 - 0x00007ffe5ef26000 	C:\Windows\System32\KERNELBASE.dll
0x00007ffe61ba0000 - 0x00007ffe61d2f000 	C:\Windows\System32\USER32.dll
0x00007ffe5eca0000 - 0x00007ffe5ecc0000 	C:\Windows\System32\win32u.dll
0x00007ffe61f50000 - 0x00007ffe61f78000 	C:\Windows\System32\GDI32.dll
0x00007ffe5e5b0000 - 0x00007ffe5e743000 	C:\Windows\System32\gdi32full.dll
0x00007ffe5e750000 - 0x00007ffe5e7eb000 	C:\Windows\System32\msvcp_win.dll
0x00007ffe5eb50000 - 0x00007ffe5ec46000 	C:\Windows\System32\ucrtbase.dll
0x00007ffe5f680000 - 0x00007ffe5f71d000 	C:\Windows\System32\msvcrt.dll
0x00007ffe55fa0000 - 0x00007ffe56209000 	C:\Windows\WinSxS\amd64_microsoft.windows.common-controls_6595b64144ccf1df_6.0.16299.125_none_15cbcf8893620c09\COMCTL32.dll
0x00007ffe5f7b0000 - 0x00007ffe5fab8000 	C:\Windows\System32\combase.dll
0x00007ffe61680000 - 0x00007ffe6179f000 	C:\Windows\System32\RPCRT4.dll
0x00007ffe5ead0000 - 0x00007ffe5eb42000 	C:\Windows\System32\bcryptPrimitives.dll
0x00007ffe5f720000 - 0x00007ffe5f74d000 	C:\Windows\System32\IMM32.DLL
0x0000000072000000 - 0x0000000072012000 	F:\\\\eclipse\plugins\org.eclipse.equinox.launcher.win32.win32.x86_64_1.1.551.v20171108-1834\eclipse_1630.dll
0x00007ffe61180000 - 0x00007ffe61221000 	C:\Windows\System32\ADVAPI32.dll
0x00007ffe61ef0000 - 0x00007ffe61f4b000 	C:\Windows\System32\sechost.dll
0x00007ffe58500000 - 0x00007ffe5850a000 	C:\Windows\SYSTEM32\VERSION.dll
0x00007ffe5bdb0000 - 0x00007ffe5be45000 	C:\Windows\system32\uxtheme.dll
0x00007ffe617a0000 - 0x00007ffe61907000 	C:\Windows\System32\MSCTF.dll
0x00007ffe61930000 - 0x00007ffe619f5000 	C:\Windows\System32\OLEAUT32.dll
0x00007ffe5e520000 - 0x00007ffe5e531000 	C:\Windows\System32\kernel.appcore.dll
0x00007ffe58460000 - 0x00007ffe584f8000 	C:\Windows\System32\TextInputFramework.dll
0x00007ffe5b350000 - 0x00007ffe5b42d000 	C:\Windows\System32\CoreMessaging.dll
0x00007ffe58820000 - 0x00007ffe58b0e000 	C:\Windows\System32\CoreUIComponents.dll
0x00007ffe5fc90000 - 0x00007ffe5fd36000 	C:\Windows\System32\SHCORE.dll
0x00007ffe5d610000 - 0x00007ffe5d641000 	C:\Windows\SYSTEM32\ntmarta.dll
0x00007ffe59fd0000 - 0x00007ffe5a106000 	C:\Windows\SYSTEM32\wintypes.dll
0x00007ffe5c580000 - 0x00007ffe5c5aa000 	C:\Windows\system32\dwmapi.dll
0x00007ffe5fac0000 - 0x00007ffe5fc09000 	C:\Windows\System32\ole32.dll
0x00007ffe61b00000 - 0x00007ffe61b9e000 	C:\Windows\System32\clbcatq.dll
0x00007ffe3f8e0000 - 0x00007ffe3fac6000 	C:\Windows\system32\SogouTSF.ime
0x00007ffe5fd40000 - 0x00007ffe61176000 	C:\Windows\System32\SHELL32.dll
0x00007ffe5ec50000 - 0x00007ffe5ec9a000 	C:\Windows\System32\cfgmgr32.dll
0x00007ffe5ef30000 - 0x00007ffe5f677000 	C:\Windows\System32\windows.storage.dll
0x00007ffe5bc30000 - 0x00007ffe5bc37000 	C:\Windows\system32\MSIMG32.dll
0x00007ffe5f750000 - 0x00007ffe5f7a1000 	C:\Windows\System32\shlwapi.dll
0x00007ffe5e560000 - 0x00007ffe5e5ac000 	C:\Windows\System32\powrprof.dll
0x00007ffe5e540000 - 0x00007ffe5e55b000 	C:\Windows\System32\profapi.dll
0x00007ffe3ac10000 - 0x00007ffe3b475000 	C:\Windows\system32\SogouPy.ime
0x00007ffe56d70000 - 0x00007ffe56e4e000 	C:\Windows\SYSTEM32\WINHTTP.dll
0x00007ffe59e70000 - 0x00007ffe59ede000 	C:\Windows\SYSTEM32\OLEACC.dll
0x0000000010000000 - 0x000000001010f000 	E:\360\SogouInput\9.1.0.2680\Resource.dll
0x00007ffe61910000 - 0x00007ffe61918000 	C:\Windows\System32\PSAPI.DLL
0x00007ffe3e010000 - 0x00007ffe3e278000 	E:\360\SogouInput\Components\PicFace\1.1.0.1835\PicFace64.dll
0x00007ffe61d30000 - 0x00007ffe61e3a000 	C:\Windows\System32\COMDLG32.dll
0x00000000554e0000 - 0x0000000055d82000 	C:\Program Files\Java\jre1.8.0_181\bin\server\jvm.dll
0x0000000056c90000 - 0x0000000056d62000 	C:\Windows\SYSTEM32\MSVCR100.dll
0x00007ffe59300000 - 0x00007ffe59323000 	C:\Windows\SYSTEM32\WINMM.dll
0x00007ffe51aa0000 - 0x00007ffe51aa9000 	C:\Windows\SYSTEM32\WSOCK32.dll
0x00007ffe61a60000 - 0x00007ffe61acc000 	C:\Windows\System32\WS2_32.dll
0x00007ffe592d0000 - 0x00007ffe592fa000 	C:\Windows\SYSTEM32\WINMMBASE.dll
0x0000000056910000 - 0x000000005691f000 	C:\Program Files\Java\jre1.8.0_181\bin\verify.dll
0x00000000568e0000 - 0x0000000056909000 	C:\Program Files\Java\jre1.8.0_181\bin\java.dll
0x00000000568c0000 - 0x00000000568d6000 	C:\Program Files\Java\jre1.8.0_181\bin\zip.dll
0x00007ffe5df20000 - 0x00007ffe5df37000 	C:\Windows\SYSTEM32\CRYPTSP.dll
0x00007ffe5d970000 - 0x00007ffe5d9a3000 	C:\Windows\system32\rsaenh.dll
0x00007ffe5e030000 - 0x00007ffe5e055000 	C:\Windows\SYSTEM32\bcrypt.dll
0x00007ffe5e430000 - 0x00007ffe5e459000 	C:\Windows\SYSTEM32\USERENV.dll
0x00007ffe5df40000 - 0x00007ffe5df4b000 	C:\Windows\SYSTEM32\CRYPTBASE.dll
0x00000000568a0000 - 0x00000000568ba000 	C:\Program Files\Java\jre1.8.0_181\bin\net.dll
0x00007ffe5dd60000 - 0x00007ffe5ddc6000 	C:\Windows\system32\mswsock.dll
0x00007ffe5daf0000 - 0x00007ffe5db29000 	C:\Windows\SYSTEM32\IPHLPAPI.DLL
0x00007ffe61920000 - 0x00007ffe61928000 	C:\Windows\System32\NSI.dll
0x00007ffe58210000 - 0x00007ffe58226000 	C:\Windows\SYSTEM32\dhcpcsvc6.DLL
0x00007ffe58250000 - 0x00007ffe5826a000 	C:\Windows\SYSTEM32\dhcpcsvc.DLL
0x0000000056880000 - 0x0000000056891000 	C:\Program Files\Java\jre1.8.0_181\bin\nio.dll
0x0000000006280000 - 0x0000000006327000 	F:\\\\eclipse\configuration\org.eclipse.osgi\792\0\.cp\swt-win32-4763.dll
0x00007ffe5e7f0000 - 0x00007ffe5e9be000 	C:\Windows\System32\CRYPT32.dll
0x00007ffe5e500000 - 0x00007ffe5e512000 	C:\Windows\System32\MSASN1.dll
0x00007ffe583b0000 - 0x00007ffe58436000 	C:\Windows\SYSTEM32\WINSPOOL.DRV
0x00007ffe52410000 - 0x00007ffe52429000 	C:\Windows\SYSTEM32\USP10.dll
0x00007ffe4d6f0000 - 0x00007ffe4da24000 	C:\Windows\SYSTEM32\WININET.dll
0x00007ffe5ccb0000 - 0x00007ffe5ce61000 	C:\Windows\SYSTEM32\propsys.dll
0x0000000006360000 - 0x000000000637e000 	F:\\\\eclipse\configuration\org.eclipse.osgi\792\0\.cp\swt-gdip-win32-4763.dll
0x00007ffe57640000 - 0x00007ffe577dc000 	C:\Windows\WinSxS\amd64_microsoft.windows.gdiplus_6595b64144ccf1df_1.1.16299.125_none_46b6c26dedf485d7\gdiplus.dll
0x00007ffe58c40000 - 0x00007ffe58deb000 	C:\Windows\SYSTEM32\WindowsCodecs.dll
0x0000000180000000 - 0x0000000180012000 	F:\\\\eclipse\configuration\org.eclipse.osgi\124\0\.cp\os\win32\x86_64\localfile_1_0_0.dll
0x00007ffe512c0000 - 0x00007ffe512d6000 	C:\Windows\system32\napinsp.dll
0x00007ffe512a0000 - 0x00007ffe512ba000 	C:\Windows\system32\pnrpnsp.dll
0x00007ffe5bb00000 - 0x00007ffe5bb18000 	C:\Windows\system32\NLAapi.dll
0x00007ffe5db30000 - 0x00007ffe5dbe6000 	C:\Windows\SYSTEM32\DNSAPI.dll
0x00007ffe51290000 - 0x00007ffe5129e000 	C:\Windows\System32\winrnr.dll
0x00007ffe51270000 - 0x00007ffe51285000 	C:\Windows\System32\wshbth.dll
0x00007ffe53480000 - 0x00007ffe5348a000 	C:\Windows\System32\rasadhlp.dll
0x00007ffe53790000 - 0x00007ffe53800000 	C:\Windows\System32\fwpuclnt.dll
0x00007ffe50350000 - 0x00007ffe50361000 	F:\\\\eclipse\configuration\org.eclipse.osgi\127\0\.cp\jWinHttp-1.0.0.dll
0x00007ffe415c0000 - 0x00007ffe41604000 	C:\Windows\System32\edputil.dll
0x00007ffe4fea0000 - 0x00007ffe4ffc3000 	C:\Windows\System32\Windows.StateRepositoryPS.dll
0x00007ffe50e10000 - 0x00007ffe50fdc000 	C:\Windows\System32\urlmon.dll
0x00007ffe61ad0000 - 0x00007ffe61aed000 	C:\Windows\System32\imagehlp.dll
0x00007ffe50670000 - 0x00007ffe50909000 	C:\Windows\System32\iertutil.dll
0x00007ffe59520000 - 0x00007ffe5958f000 	C:\Windows\SYSTEM32\msiso.dll
0x00007ffe5e400000 - 0x00007ffe5e430000 	C:\Windows\System32\SspiCli.dll
0x00007ffe5e9c0000 - 0x00007ffe5ea18000 	C:\Windows\System32\WINTRUST.dll
0x00007ffe5d2a0000 - 0x00007ffe5d2c2000 	C:\Windows\SYSTEM32\gpapi.dll
0x00007ffe48a70000 - 0x00007ffe48a9f000 	C:\Windows\System32\cryptnet.dll
0x00007ffe58e10000 - 0x00007ffe58e1b000 	C:\Windows\SYSTEM32\WINNSI.DLL
0x0000000056850000 - 0x0000000056874000 	C:\Program Files\Java\jre1.8.0_181\bin\sunec.dll
0x00007ffe42650000 - 0x00007ffe4268f000 	C:\Windows\system32\mlang.dll
0x00007ffe4b260000 - 0x00007ffe4b2af000 	C:\Windows\system32\dataexchange.dll
0x00007ffe5b450000 - 0x00007ffe5b592000 	C:\Windows\system32\dcomp.dll
0x00007ffe5ac30000 - 0x00007ffe5af11000 	C:\Windows\system32\d3d11.dll
0x00007ffe5d340000 - 0x00007ffe5d3ef000 	C:\Windows\system32\dxgi.dll
0x00007ffe5c720000 - 0x00007ffe5c89b000 	C:\Windows\system32\twinapi.appcore.dll
0x00007ffe5c690000 - 0x00007ffe5c6b0000 	C:\Windows\system32\RMCLIENT.dll
0x00007ffe485d0000 - 0x00007ffe48a63000 	C:\Windows\system32\explorerframe.dll
0x00007ffe4dc80000 - 0x00007ffe4df8f000 	C:\Windows\SYSTEM32\DWrite.dll
0x00007ffe5ba60000 - 0x00007ffe5bae8000 	C:\Windows\System32\apphelp.dll
0x00007ffe48e90000 - 0x00007ffe48f67000 	C:\Windows\system32\ntshrui.dll
0x0000000056940000 - 0x000000005695a000 	F:\bin\TortoiseStub.dll
0x00007ffe465e0000 - 0x00007ffe4666a000 	F:\bin\TortoiseSVN.dll
0x00007ffe48e50000 - 0x00007ffe48e85000 	F:\bin\libapr_tsvn.dll
0x00007ffe45940000 - 0x00007ffe459dc000 	F:\bin\MSVCP140.dll
0x00007ffe3fb90000 - 0x00007ffe4017b000 	F:\bin\libsvn_tsvn.dll
0x00007ffe4f220000 - 0x00007ffe4f236000 	F:\bin\VCRUNTIME140.dll
0x00007ffe4f9f0000 - 0x00007ffe4fa03000 	F:\bin\intl3_tsvn.dll
0x00007ffe4f190000 - 0x00007ffe4f1aa000 	F:\bin\libsasl.dll
0x00007ffe45720000 - 0x00007ffe45767000 	F:\bin\libaprutil_tsvn.dll
0x00007ffe51a90000 - 0x00007ffe51a9c000 	C:\Windows\SYSTEM32\Secur32.dll
0x00007ffe62120000 - 0x00007ffe6217e000 	C:\Windows\System32\WLDAP32.dll
0x00007ffe48e20000 - 0x00007ffe48e4f000 	F:\bin\crshhndl.dll
0x0000000034b40000 - 0x0000000034e69000 	F:\Languages\TortoiseProc2052.dll
0x00007ffe51a30000 - 0x00007ffe51a56000 	C:\Windows\system32\srvcli.dll
0x00007ffe42820000 - 0x00007ffe42832000 	C:\Windows\SYSTEM32\cscapi.dll
0x00007ffe5dbf0000 - 0x00007ffe5dbfe000 	C:\Windows\system32\netutils.dll

VM Arguments:
jvm_args: -Dosgi.requiredJavaVersion=1.8 -Dosgi.instance.area.default=@user.home/eclipse-workspace -XX:+UseG1GC -XX:+UseStringDeduplication -Dosgi.requiredJavaVersion=1.8 -Xms256m -Xmx1024m 
java_command: <unknown>
java_class_path (initial): F:\\\\eclipse\\plugins/org.eclipse.equinox.launcher_1.4.0.v20161219-1356.jar
Launcher Type: generic

Environment Variables:
JAVA_HOME=C:\Program Files\Java\jdk1.8.0_101
CLASSPATH=.;C:\Program Files\Java\jdk1.8.0_101\lib\dt.jar;C:\Program Files\Java\jdk1.8.0_101\lib\tools.jar;
PATH=C:/Program Files/Java/jre1.8.0_181/bin/server;C:/Program Files/Java/jre1.8.0_181/bin;C:/Program Files/Java/jre1.8.0_181/lib/amd64;C:\Program Files (x86)\Common Files\Oracle\Java\javapath;C:\ProgramData\Oracle\Java\javapath;C:\Windows\system32;C:\Windows;C:\Windows\System32\Wbem;C:\Windows\System32\WindowsPowerShell\v1.0\;C:\Program Files\MySQL\MySQL Server 5.5\bin;C:\Program Files (x86)\Windows Kits\8.1\Windows Performance Toolkit\;C:\Program Files\Microsoft SQL Server\110\Tools\Binn\;F:\SVN\bin;F:\bin;C:\Program Files\Java\jdk1.8.0_101\bin;C:\Program Files\Java\jdk1.8.0_101\jre\bin;C:\Windows\System\adb1.0.32;%MAVEN_HOME%\bin\;C:\strawberry\c\bin;C:\strawberry\perl\bin;E:\Program Files\Git\cmd;F:\Python;C:\Users\Administrator\AppData\Local\Programs\Python\Python37-32\Scripts\;C:\Users\Administrator\AppData\Local\Programs\Python\Python37-32\;C:\Users\Administrator\AppData\Local\Microsoft\WindowsApps;C:\Program Files\Apache Software Foundation\Tomcat 7.0\webapps\apache-maven-3.6.0\bin\;;F:\\\\eclipse;
USERNAME=Administrator
OS=Windows_NT
PROCESSOR_IDENTIFIER=Intel64 Family 6 Model 158 Stepping 9, GenuineIntel



---------------  S Y S T E M  ---------------

OS: Windows 10.0 , 64 bit Build 16299 (10.0.16299.15)

CPU:total 4 (initial active 4) (4 cores per cpu, 1 threads per core) family 6 model 158 stepping 9, cmov, cx8, fxsr, mmx, sse, sse2, sse3, ssse3, sse4.1, sse4.2, popcnt, avx, avx2, aes, clmul, erms, 3dnowpref, lzcnt, tsc, tscinvbit, bmi1, bmi2, adx

Memory: 4k page, physical 8267028k(4894396k free), swap 8791316k(4828180k free)

vm_info: Java HotSpot(TM) 64-Bit Server VM (25.181-b13) for windows-amd64 JRE (1.8.0_181-b13), built on Jul  7 2018 04:01:33 by "java_re" with MS VC++ 10.0 (VS2010)

time: Tue Mar 19 09:34:08 2019
elapsed time: 674 seconds (0d 0h 11m 14s)

